#
# A fatal error has been detected by the Java Runtime Environment:
#
#  EXCEPTION_ACCESS_VIOLATION (0xc0000005) at pc=0x00007ff9c103a5a8, pid=13296, tid=14828
#
# JRE version: OpenJDK Runtime Environment (16.0.1+9) (build 16.0.1+9-24)
# Java VM: OpenJDK 64-Bit Server VM (16.0.1+9-24, mixed mode, tiered, compressed oops, compressed class ptrs, g1 gc, windows-amd64)
# Problematic frame:
# V  [jvm.dll+0x23a5a8]
#
# No core dump will be written. Minidumps are not enabled by default on client versions of Windows
#
# If you would like to submit a bug report, please visit:
#   https://bugreport.java.com/bugreport/crash.jsp
#

---------------  S U M M A R Y ------------

Command Line: -XX:+ShowCodeDetailsInExceptionMessages -agentlib:jdwp=transport=dt_socket,suspend=y,address=localhost:50139 -javaagent:C:\Users\Isaac's Studio 1\eclipse\jee-2021-062\eclipse\configuration\org.eclipse.osgi\415\0\.cp\lib\javaagent-shaded.jar -Dfile.encoding=Cp1252 com.coderscampus.objects.RunnableClass

Host: Intel(R) Core(TM) i5-2400 CPU @ 3.10GHz, 4 cores, 15G,  Windows 10 , 64 bit Build 19041 (10.0.19041.1023)
Time: Sat Jul 17 22:11:49 2021 Eastern Daylight Time elapsed time: 4823.575369 seconds (0d 1h 20m 23s)

---------------  T H R E A D  ---------------

Current thread (0x000001ec3a80e7d0):  VMThread "VM Thread" [stack: 0x000000d81d200000,0x000000d81d300000] [id=14828]

Stack: [0x000000d81d200000,0x000000d81d300000],  sp=0x000000d81d2fe8b8,  free space=1018k
Native frames: (J=compiled Java code, j=interpreted, Vv=VM code, C=native code)
V  [jvm.dll+0x23a5a8]


siginfo: EXCEPTION_ACCESS_VIOLATION (0xc0000005), reading address 0x000001ec3b9cebb8


Register to memory mapping:

RIP=0x00007ff9c103a5a8 jvm.dll
RAX=0x0000000000194100 is an unknown value
RBX=0x000001ec3b83a5a0 is pointing into metadata
RCX=0x000001ec3b83aab8 is pointing into metadata
RDX=0x000000000000ca07 is an unknown value
RSP=0x000000d81d2fe8b8 points into unknown readable memory: 0x00007ff9c103a62e | 2e a6 03 c1 f9 7f 00 00
RBP=0x000000d81d2fe9f0 points into unknown readable memory: 0x0000000000000000 | 00 00 00 00 00 00 00 00
RSI=0x0 is NULL
RDI=0x000000d81d2ff000 points into unknown readable memory: 0x00007ff9c17321f8 | f8 21 73 c1 f9 7f 00 00
R8 =0x0 is NULL
R9 =0x000001ec3b83a5a0 is pointing into metadata
R10=0x000000d81d2fed90 points into unknown readable memory: 0x0000000046000020 | 20 00 00 46 00 00 00 00
R11={method} {0x000001ec3b83aa60} 'main' '([Ljava/lang/String;)V' in 'com/coderscampus/objects/RunnableClass'
R12=0x00007ff9c0e00000 jvm.dll
R13=0x000001ec3a8795f0 points into unknown readable memory: 0x00000000103a8900 | 00 89 3a 10 00 00 00 00
R14=0x000001ec3b83a9c4 is pointing into metadata
R15=0x0000000000000073 is an unknown value


Registers:
RAX=0x0000000000194100, RBX=0x000001ec3b83a5a0, RCX=0x000001ec3b83aab8, RDX=0x000000000000ca07
RSP=0x000000d81d2fe8b8, RBP=0x000000d81d2fe9f0, RSI=0x0000000000000000, RDI=0x000000d81d2ff000
R8 =0x0000000000000000, R9 =0x000001ec3b83a5a0, R10=0x000000d81d2fed90, R11=0x000001ec3b83aa58
R12=0x00007ff9c0e00000, R13=0x000001ec3a8795f0, R14=0x000001ec3b83a9c4, R15=0x0000000000000073
RIP=0x00007ff9c103a5a8, EFLAGS=0x0000000000010206

Top of Stack: (sp=0x000000d81d2fe8b8)
0x000000d81d2fe8b8:   00007ff9c103a62e 000000d81d2fe948
0x000000d81d2fe8c8:   0000000000000000 000001ec39cee420
0x000000d81d2fe8d8:   0000000000000000 000000d81d2fee70
0x000000d81d2fe8e8:   00007ff9c112d534 0000000000000000
0x000000d81d2fe8f8:   0000000000000000 0000000000000000
0x000000d81d2fe908:   0000000000000000 0000000000000000
0x000000d81d2fe918:   0000000000000000 000001ec39cf45b0
0x000000d81d2fe928:   000000000000000e 0000000000000000
0x000000d81d2fe938:   000000d81d2fe990 0000000000000001
0x000000d81d2fe948:   000001ec39cf45b0 0000000300000002
0x000000d81d2fe958:   0000000000000003 000000030000000e
0x000000d81d2fe968:   000001ec39cee420 0000000000000000
0x000000d81d2fe978:   0000000000000000 0000000000000000
0x000000d81d2fe988:   0000000000000000 000000004fffffff
0x000000d81d2fe998:   0000000000000000 0000000000000000
0x000000d81d2fe9a8:   0000000000000000 0000000000000000 

Instructions: (pc=0x00007ff9c103a5a8)
0x00007ff9c103a4a8:   03 03 03 03 03 03 03 03 03 03 03 03 03 03 03 03
0x00007ff9c103a4b8:   03 03 03 03 03 03 03 03 03 03 03 03 03 03 03 03
0x00007ff9c103a4c8:   03 03 03 03 03 03 03 03 03 03 03 03 03 03 03 03
0x00007ff9c103a4d8:   03 03 03 03 03 03 03 03 03 03 03 03 03 03 03 03
0x00007ff9c103a4e8:   03 03 03 02 03 03 02 cc 48 89 5c 24 08 48 89 74
0x00007ff9c103a4f8:   24 10 57 48 83 ec 20 48 63 da 41 0f b6 f0 48 8b
0x00007ff9c103a508:   f9 85 d2 79 24 4c 8d 0d cc 92 69 00 ba b4 02 00
0x00007ff9c103a518:   00 4c 8d 05 f8 92 69 00 48 8d 0d 61 92 69 00 e8
0x00007ff9c103a528:   64 88 00 00 e8 0f de 42 00 40 84 f6 75 18 48 8b
0x00007ff9c103a538:   4f 10 48 85 c9 74 0f 48 8d 43 01 48 c1 e0 05 48
0x00007ff9c103a548:   8b 04 08 0f b7 d8 48 8b 74 24 38 48 63 c3 48 8b
0x00007ff9c103a558:   5c 24 30 0f b7 44 c7 48 48 83 c4 20 5f c3 cc cc
0x00007ff9c103a568:   cc cc cc cc cc cc cc cc 4c 8b c9 45 84 c0 75 41
0x00007ff9c103a578:   48 8b 49 10 48 85 c9 74 38 85 d2 79 19 f7 d2 8b
0x00007ff9c103a588:   c2 48 ff c0 48 c1 e0 05 48 8b 04 08 0f b7 c8 41
0x00007ff9c103a598:   0f b7 44 c9 4a c3 48 63 c2 48 ff c0 48 c1 e0 05
0x00007ff9c103a5a8:   48 8b 04 08 0f b7 d0 48 63 c2 41 0f b7 44 c1 4a
0x00007ff9c103a5b8:   c3 49 8b 41 08 4c 63 c2 42 0f b6 44 00 04 8d 48
0x00007ff9c103a5c8:   ef 80 f9 01 76 0e 3c 6a 74 0a 48 63 c2 41 0f b7
0x00007ff9c103a5d8:   44 c1 4a c3 43 0f b7 44 c1 4a c3 cc cc cc cc cc
0x00007ff9c103a5e8:   cc cc cc cc cc cc cc cc 40 53 48 83 ec 20 48 8b
0x00007ff9c103a5f8:   d9 e8 72 ff ff ff 48 63 d0 0f b7 44 d3 48 48 8b
0x00007ff9c103a608:   44 c3 48 48 83 c4 20 5b c3 cc cc cc cc cc cc cc
0x00007ff9c103a618:   cc cc cc cc cc cc cc cc 40 53 48 83 ec 20 48 8b
0x00007ff9c103a628:   d9 e8 42 ff ff ff 48 63 d0 0f b7 44 d3 4a 48 8b
0x00007ff9c103a638:   44 c3 48 48 83 c4 20 5b c3 cc cc cc cc cc cc cc
0x00007ff9c103a648:   cc cc cc cc cc cc cc cc 4c 8b d1 45 84 c9 75 28
0x00007ff9c103a658:   4c 8b 49 10 4d 85 c9 74 1f 45 85 c0 79 08 41 f7
0x00007ff9c103a668:   d0 41 8b c0 eb 03 49 63 c0 48 ff c0 48 c1 e0 05
0x00007ff9c103a678:   4a 8b 04 08 44 0f b7 c0 49 8b 42 08 49 63 c8 0f
0x00007ff9c103a688:   b6 4c 08 04 48 8b c2 88 0a c3 cc cc cc cc cc cc
0x00007ff9c103a698:   cc cc cc cc cc cc cc cc 40 56 57 41 54 41 56 41 


Stack slot to memory mapping:
stack at sp + 0 slots: 0x00007ff9c103a62e jvm.dll
stack at sp + 1 slots: 0x000000d81d2fe948 points into unknown readable memory: 0x000001ec39cf45b0 | b0 45 cf 39 ec 01 00 00
stack at sp + 2 slots: 0x0 is NULL
stack at sp + 3 slots: 0x000001ec39cee420 points into unknown readable memory: 0x616a00106e30ffff | ff ff 30 6e 10 00 6a 61
stack at sp + 4 slots: 0x0 is NULL
stack at sp + 5 slots: 0x000000d81d2fee70 points into unknown readable memory: 0x000001ec3b83aa58 | 58 aa 83 3b ec 01 00 00
stack at sp + 6 slots: 0x00007ff9c112d534 jvm.dll
stack at sp + 7 slots: 0x0 is NULL

VM_Operation (0x000000d81ddff5c0): get/set locals, mode: safepoint, requested by thread 0x000001ec3aa59040


---------------  P R O C E S S  ---------------

Threads class SMR info:
_java_thread_list=0x000001ec3af902b0, length=15, elements={
0x000001ec1bbca950, 0x000001ec39e4b010, 0x000001ec39e4c4a0, 0x000001ec3a83d5a0,
0x000001ec3a83efc0, 0x000001ec3a842180, 0x000001ec3a843230, 0x000001ec3a859560,
0x000001ec3a8635c0, 0x000001ec3a8c4e30, 0x000001ec3a98d000, 0x000001ec3aa59040,
0x000001ec3aa9d4c0, 0x000001ec3aa9fa10, 0x000001ec3ab99350
}

Java Threads: ( => current thread )
  0x000001ec1bbca950 JavaThread "main" [_thread_blocked, id=7856, stack(0x000000d81cc00000,0x000000d81cd00000)]
  0x000001ec39e4b010 JavaThread "Reference Handler" daemon [_thread_blocked, id=6668, stack(0x000000d81d300000,0x000000d81d400000)]
  0x000001ec39e4c4a0 JavaThread "Finalizer" daemon [_thread_blocked, id=14020, stack(0x000000d81d400000,0x000000d81d500000)]
  0x000001ec3a83d5a0 JavaThread "Signal Dispatcher" daemon [_thread_blocked, id=13984, stack(0x000000d81d500000,0x000000d81d600000)]
  0x000001ec3a83efc0 JavaThread "Attach Listener" daemon [_thread_blocked, id=6624, stack(0x000000d81d600000,0x000000d81d700000)]
  0x000001ec3a842180 JavaThread "Service Thread" daemon [_thread_blocked, id=13716, stack(0x000000d81d700000,0x000000d81d800000)]
  0x000001ec3a843230 JavaThread "Monitor Deflation Thread" daemon [_thread_blocked, id=3704, stack(0x000000d81d800000,0x000000d81d900000)]
  0x000001ec3a859560 JavaThread "C2 CompilerThread0" daemon [_thread_blocked, id=8112, stack(0x000000d81d900000,0x000000d81da00000)]
  0x000001ec3a8635c0 JavaThread "C1 CompilerThread0" daemon [_thread_blocked, id=4276, stack(0x000000d81da00000,0x000000d81db00000)]
  0x000001ec3a8c4e30 JavaThread "Sweeper thread" daemon [_thread_blocked, id=14308, stack(0x000000d81db00000,0x000000d81dc00000)]
  0x000001ec3a98d000 JavaThread "Common-Cleaner" daemon [_thread_blocked, id=6092, stack(0x000000d81dc00000,0x000000d81dd00000)]
  0x000001ec3aa59040 JavaThread "JDWP Transport Listener: dt_socket" daemon [_thread_blocked, id=10228, stack(0x000000d81dd00000,0x000000d81de00000)]
  0x000001ec3aa9d4c0 JavaThread "JDWP Event Helper Thread" daemon [_thread_blocked, id=11508, stack(0x000000d81de00000,0x000000d81df00000)]
  0x000001ec3aa9fa10 JavaThread "JDWP Command Reader" daemon [_thread_in_native, id=9588, stack(0x000000d81df00000,0x000000d81e000000)]
  0x000001ec3ab99350 JavaThread "Notification Thread" daemon [_thread_blocked, id=5144, stack(0x000000d81e000000,0x000000d81e100000)]

Other Threads:
=>0x000001ec3a80e7d0 VMThread "VM Thread" [stack: 0x000000d81d200000,0x000000d81d300000] [id=14828]
  0x000001ec3ab98c10 WatcherThread [stack: 0x000000d81e100000,0x000000d81e200000] [id=15060]
  0x000001ec1bc1a710 GCTaskThread "GC Thread#0" [stack: 0x000000d81cd00000,0x000000d81ce00000] [id=13008]
  0x000001ec1bc2cb30 ConcurrentGCThread "G1 Main Marker" [stack: 0x000000d81ce00000,0x000000d81cf00000] [id=5800]
  0x000001ec1bc2dcd0 ConcurrentGCThread "G1 Conc#0" [stack: 0x000000d81cf00000,0x000000d81d000000] [id=12800]
  0x000001ec39c940c0 ConcurrentGCThread "G1 Refine#0" [stack: 0x000000d81d000000,0x000000d81d100000] [id=12976]
  0x000001ec39c98220 ConcurrentGCThread "G1 Service" [stack: 0x000000d81d100000,0x000000d81d200000] [id=12644]

Threads with active compile tasks:

VM state: at safepoint (normal execution)

VM Mutex/Monitor currently owned by a thread:  ([mutex/lock_event])
[0x000001ec1bbc5ce0] Threads_lock - owner thread: 0x000001ec3a80e7d0

Heap address: 0x0000000700400000, size: 4092 MB, Compressed Oops mode: Zero based, Oop shift amount: 3

CDS disabled.
Compressed class space mapped at: 0x0000000800000000-0x0000000840000000, reserved size: 1073741824
Narrow klass base: 0x0000000800000000, Narrow klass shift: 0, Narrow klass range: 0x40000000

GC Precious Log:
 CPUs: 4 total, 4 available
 Memory: 16366M
 Large Page Support: Disabled
 NUMA Support: Disabled
 Compressed Oops: Enabled (Zero based)
 Heap Region Size: 2M
 Heap Min Capacity: 8M
 Heap Initial Capacity: 256M
 Heap Max Capacity: 4092M
 Pre-touch: Disabled
 Parallel Workers: 4
 Concurrent Workers: 1
 Concurrent Refinement Workers: 4
 Periodic GC: Disabled

Heap:
 garbage-first heap   total 262144K, used 4096K [0x0000000700400000, 0x0000000800000000)
  region size 2048K, 3 young (6144K), 0 survivors (0K)
 Metaspace       used 9212K, committed 9280K, reserved 1064960K
  class space    used 784K, committed 832K, reserved 1048576K

Heap Regions: E=young(eden), S=young(survivor), O=old, HS=humongous(starts), HC=humongous(continues), CS=collection set, F=free, OA=open archive, CA=closed archive, TAMS=top-at-mark-start (previous, next)
|   0|0x0000000700400000, 0x0000000700400000, 0x0000000700600000|  0%| F|  |TAMS 0x0000000700400000, 0x0000000700400000| Untracked 
|   1|0x0000000700600000, 0x0000000700600000, 0x0000000700800000|  0%| F|  |TAMS 0x0000000700600000, 0x0000000700600000| Untracked 
|   2|0x0000000700800000, 0x0000000700800000, 0x0000000700a00000|  0%| F|  |TAMS 0x0000000700800000, 0x0000000700800000| Untracked 
|   3|0x0000000700a00000, 0x0000000700a00000, 0x0000000700c00000|  0%| F|  |TAMS 0x0000000700a00000, 0x0000000700a00000| Untracked 
|   4|0x0000000700c00000, 0x0000000700c00000, 0x0000000700e00000|  0%| F|  |TAMS 0x0000000700c00000, 0x0000000700c00000| Untracked 
|   5|0x0000000700e00000, 0x0000000700e00000, 0x0000000701000000|  0%| F|  |TAMS 0x0000000700e00000, 0x0000000700e00000| Untracked 
|   6|0x0000000701000000, 0x0000000701000000, 0x0000000701200000|  0%| F|  |TAMS 0x0000000701000000, 0x0000000701000000| Untracked 
|   7|0x0000000701200000, 0x0000000701200000, 0x0000000701400000|  0%| F|  |TAMS 0x0000000701200000, 0x0000000701200000| Untracked 
|   8|0x0000000701400000, 0x0000000701400000, 0x0000000701600000|  0%| F|  |TAMS 0x0000000701400000, 0x0000000701400000| Untracked 
|   9|0x0000000701600000, 0x0000000701600000, 0x0000000701800000|  0%| F|  |TAMS 0x0000000701600000, 0x0000000701600000| Untracked 
|  10|0x0000000701800000, 0x0000000701800000, 0x0000000701a00000|  0%| F|  |TAMS 0x0000000701800000, 0x0000000701800000| Untracked 
|  11|0x0000000701a00000, 0x0000000701a00000, 0x0000000701c00000|  0%| F|  |TAMS 0x0000000701a00000, 0x0000000701a00000| Untracked 
|  12|0x0000000701c00000, 0x0000000701c00000, 0x0000000701e00000|  0%| F|  |TAMS 0x0000000701c00000, 0x0000000701c00000| Untracked 
|  13|0x0000000701e00000, 0x0000000701e00000, 0x0000000702000000|  0%| F|  |TAMS 0x0000000701e00000, 0x0000000701e00000| Untracked 
|  14|0x0000000702000000, 0x0000000702000000, 0x0000000702200000|  0%| F|  |TAMS 0x0000000702000000, 0x0000000702000000| Untracked 
|  15|0x0000000702200000, 0x0000000702200000, 0x0000000702400000|  0%| F|  |TAMS 0x0000000702200000, 0x0000000702200000| Untracked 
|  16|0x0000000702400000, 0x0000000702400000, 0x0000000702600000|  0%| F|  |TAMS 0x0000000702400000, 0x0000000702400000| Untracked 
|  17|0x0000000702600000, 0x0000000702600000, 0x0000000702800000|  0%| F|  |TAMS 0x0000000702600000, 0x0000000702600000| Untracked 
|  18|0x0000000702800000, 0x0000000702800000, 0x0000000702a00000|  0%| F|  |TAMS 0x0000000702800000, 0x0000000702800000| Untracked 
|  19|0x0000000702a00000, 0x0000000702a00000, 0x0000000702c00000|  0%| F|  |TAMS 0x0000000702a00000, 0x0000000702a00000| Untracked 
|  20|0x0000000702c00000, 0x0000000702c00000, 0x0000000702e00000|  0%| F|  |TAMS 0x0000000702c00000, 0x0000000702c00000| Untracked 
|  21|0x0000000702e00000, 0x0000000702e00000, 0x0000000703000000|  0%| F|  |TAMS 0x0000000702e00000, 0x0000000702e00000| Untracked 
|  22|0x0000000703000000, 0x0000000703000000, 0x0000000703200000|  0%| F|  |TAMS 0x0000000703000000, 0x0000000703000000| Untracked 
|  23|0x0000000703200000, 0x0000000703200000, 0x0000000703400000|  0%| F|  |TAMS 0x0000000703200000, 0x0000000703200000| Untracked 
|  24|0x0000000703400000, 0x0000000703400000, 0x0000000703600000|  0%| F|  |TAMS 0x0000000703400000, 0x0000000703400000| Untracked 
|  25|0x0000000703600000, 0x0000000703600000, 0x0000000703800000|  0%| F|  |TAMS 0x0000000703600000, 0x0000000703600000| Untracked 
|  26|0x0000000703800000, 0x0000000703800000, 0x0000000703a00000|  0%| F|  |TAMS 0x0000000703800000, 0x0000000703800000| Untracked 
|  27|0x0000000703a00000, 0x0000000703a00000, 0x0000000703c00000|  0%| F|  |TAMS 0x0000000703a00000, 0x0000000703a00000| Untracked 
|  28|0x0000000703c00000, 0x0000000703c00000, 0x0000000703e00000|  0%| F|  |TAMS 0x0000000703c00000, 0x0000000703c00000| Untracked 
|  29|0x0000000703e00000, 0x0000000703e00000, 0x0000000704000000|  0%| F|  |TAMS 0x0000000703e00000, 0x0000000703e00000| Untracked 
|  30|0x0000000704000000, 0x0000000704000000, 0x0000000704200000|  0%| F|  |TAMS 0x0000000704000000, 0x0000000704000000| Untracked 
|  31|0x0000000704200000, 0x0000000704200000, 0x0000000704400000|  0%| F|  |TAMS 0x0000000704200000, 0x0000000704200000| Untracked 
|  32|0x0000000704400000, 0x0000000704400000, 0x0000000704600000|  0%| F|  |TAMS 0x0000000704400000, 0x0000000704400000| Untracked 
|  33|0x0000000704600000, 0x0000000704600000, 0x0000000704800000|  0%| F|  |TAMS 0x0000000704600000, 0x0000000704600000| Untracked 
|  34|0x0000000704800000, 0x0000000704800000, 0x0000000704a00000|  0%| F|  |TAMS 0x0000000704800000, 0x0000000704800000| Untracked 
|  35|0x0000000704a00000, 0x0000000704a00000, 0x0000000704c00000|  0%| F|  |TAMS 0x0000000704a00000, 0x0000000704a00000| Untracked 
|  36|0x0000000704c00000, 0x0000000704c00000, 0x0000000704e00000|  0%| F|  |TAMS 0x0000000704c00000, 0x0000000704c00000| Untracked 
|  37|0x0000000704e00000, 0x0000000704e00000, 0x0000000705000000|  0%| F|  |TAMS 0x0000000704e00000, 0x0000000704e00000| Untracked 
|  38|0x0000000705000000, 0x0000000705000000, 0x0000000705200000|  0%| F|  |TAMS 0x0000000705000000, 0x0000000705000000| Untracked 
|  39|0x0000000705200000, 0x0000000705200000, 0x0000000705400000|  0%| F|  |TAMS 0x0000000705200000, 0x0000000705200000| Untracked 
|  40|0x0000000705400000, 0x0000000705400000, 0x0000000705600000|  0%| F|  |TAMS 0x0000000705400000, 0x0000000705400000| Untracked 
|  41|0x0000000705600000, 0x0000000705600000, 0x0000000705800000|  0%| F|  |TAMS 0x0000000705600000, 0x0000000705600000| Untracked 
|  42|0x0000000705800000, 0x0000000705800000, 0x0000000705a00000|  0%| F|  |TAMS 0x0000000705800000, 0x0000000705800000| Untracked 
|  43|0x0000000705a00000, 0x0000000705a00000, 0x0000000705c00000|  0%| F|  |TAMS 0x0000000705a00000, 0x0000000705a00000| Untracked 
|  44|0x0000000705c00000, 0x0000000705c00000, 0x0000000705e00000|  0%| F|  |TAMS 0x0000000705c00000, 0x0000000705c00000| Untracked 
|  45|0x0000000705e00000, 0x0000000705e00000, 0x0000000706000000|  0%| F|  |TAMS 0x0000000705e00000, 0x0000000705e00000| Untracked 
|  46|0x0000000706000000, 0x0000000706000000, 0x0000000706200000|  0%| F|  |TAMS 0x0000000706000000, 0x0000000706000000| Untracked 
|  47|0x0000000706200000, 0x0000000706200000, 0x0000000706400000|  0%| F|  |TAMS 0x0000000706200000, 0x0000000706200000| Untracked 
|  48|0x0000000706400000, 0x0000000706400000, 0x0000000706600000|  0%| F|  |TAMS 0x0000000706400000, 0x0000000706400000| Untracked 
|  49|0x0000000706600000, 0x0000000706600000, 0x0000000706800000|  0%| F|  |TAMS 0x0000000706600000, 0x0000000706600000| Untracked 
|  50|0x0000000706800000, 0x0000000706800000, 0x0000000706a00000|  0%| F|  |TAMS 0x0000000706800000, 0x0000000706800000| Untracked 
|  51|0x0000000706a00000, 0x0000000706a00000, 0x0000000706c00000|  0%| F|  |TAMS 0x0000000706a00000, 0x0000000706a00000| Untracked 
|  52|0x0000000706c00000, 0x0000000706c00000, 0x0000000706e00000|  0%| F|  |TAMS 0x0000000706c00000, 0x0000000706c00000| Untracked 
|  53|0x0000000706e00000, 0x0000000706e00000, 0x0000000707000000|  0%| F|  |TAMS 0x0000000706e00000, 0x0000000706e00000| Untracked 
|  54|0x0000000707000000, 0x0000000707000000, 0x0000000707200000|  0%| F|  |TAMS 0x0000000707000000, 0x0000000707000000| Untracked 
|  55|0x0000000707200000, 0x0000000707200000, 0x0000000707400000|  0%| F|  |TAMS 0x0000000707200000, 0x0000000707200000| Untracked 
|  56|0x0000000707400000, 0x0000000707400000, 0x0000000707600000|  0%| F|  |TAMS 0x0000000707400000, 0x0000000707400000| Untracked 
|  57|0x0000000707600000, 0x0000000707600000, 0x0000000707800000|  0%| F|  |TAMS 0x0000000707600000, 0x0000000707600000| Untracked 
|  58|0x0000000707800000, 0x0000000707800000, 0x0000000707a00000|  0%| F|  |TAMS 0x0000000707800000, 0x0000000707800000| Untracked 
|  59|0x0000000707a00000, 0x0000000707a00000, 0x0000000707c00000|  0%| F|  |TAMS 0x0000000707a00000, 0x0000000707a00000| Untracked 
|  60|0x0000000707c00000, 0x0000000707c00000, 0x0000000707e00000|  0%| F|  |TAMS 0x0000000707c00000, 0x0000000707c00000| Untracked 
|  61|0x0000000707e00000, 0x0000000707e00000, 0x0000000708000000|  0%| F|  |TAMS 0x0000000707e00000, 0x0000000707e00000| Untracked 
|  62|0x0000000708000000, 0x0000000708000000, 0x0000000708200000|  0%| F|  |TAMS 0x0000000708000000, 0x0000000708000000| Untracked 
|  63|0x0000000708200000, 0x0000000708200000, 0x0000000708400000|  0%| F|  |TAMS 0x0000000708200000, 0x0000000708200000| Untracked 
|  64|0x0000000708400000, 0x0000000708400000, 0x0000000708600000|  0%| F|  |TAMS 0x0000000708400000, 0x0000000708400000| Untracked 
|  65|0x0000000708600000, 0x0000000708600000, 0x0000000708800000|  0%| F|  |TAMS 0x0000000708600000, 0x0000000708600000| Untracked 
|  66|0x0000000708800000, 0x0000000708800000, 0x0000000708a00000|  0%| F|  |TAMS 0x0000000708800000, 0x0000000708800000| Untracked 
|  67|0x0000000708a00000, 0x0000000708a00000, 0x0000000708c00000|  0%| F|  |TAMS 0x0000000708a00000, 0x0000000708a00000| Untracked 
|  68|0x0000000708c00000, 0x0000000708c00000, 0x0000000708e00000|  0%| F|  |TAMS 0x0000000708c00000, 0x0000000708c00000| Untracked 
|  69|0x0000000708e00000, 0x0000000708e00000, 0x0000000709000000|  0%| F|  |TAMS 0x0000000708e00000, 0x0000000708e00000| Untracked 
|  70|0x0000000709000000, 0x0000000709000000, 0x0000000709200000|  0%| F|  |TAMS 0x0000000709000000, 0x0000000709000000| Untracked 
|  71|0x0000000709200000, 0x0000000709200000, 0x0000000709400000|  0%| F|  |TAMS 0x0000000709200000, 0x0000000709200000| Untracked 
|  72|0x0000000709400000, 0x0000000709400000, 0x0000000709600000|  0%| F|  |TAMS 0x0000000709400000, 0x0000000709400000| Untracked 
|  73|0x0000000709600000, 0x0000000709600000, 0x0000000709800000|  0%| F|  |TAMS 0x0000000709600000, 0x0000000709600000| Untracked 
|  74|0x0000000709800000, 0x0000000709800000, 0x0000000709a00000|  0%| F|  |TAMS 0x0000000709800000, 0x0000000709800000| Untracked 
|  75|0x0000000709a00000, 0x0000000709a00000, 0x0000000709c00000|  0%| F|  |TAMS 0x0000000709a00000, 0x0000000709a00000| Untracked 
|  76|0x0000000709c00000, 0x0000000709c00000, 0x0000000709e00000|  0%| F|  |TAMS 0x0000000709c00000, 0x0000000709c00000| Untracked 
|  77|0x0000000709e00000, 0x0000000709e00000, 0x000000070a000000|  0%| F|  |TAMS 0x0000000709e00000, 0x0000000709e00000| Untracked 
|  78|0x000000070a000000, 0x000000070a000000, 0x000000070a200000|  0%| F|  |TAMS 0x000000070a000000, 0x000000070a000000| Untracked 
|  79|0x000000070a200000, 0x000000070a200000, 0x000000070a400000|  0%| F|  |TAMS 0x000000070a200000, 0x000000070a200000| Untracked 
|  80|0x000000070a400000, 0x000000070a400000, 0x000000070a600000|  0%| F|  |TAMS 0x000000070a400000, 0x000000070a400000| Untracked 
|  81|0x000000070a600000, 0x000000070a600000, 0x000000070a800000|  0%| F|  |TAMS 0x000000070a600000, 0x000000070a600000| Untracked 
|  82|0x000000070a800000, 0x000000070a800000, 0x000000070aa00000|  0%| F|  |TAMS 0x000000070a800000, 0x000000070a800000| Untracked 
|  83|0x000000070aa00000, 0x000000070aa00000, 0x000000070ac00000|  0%| F|  |TAMS 0x000000070aa00000, 0x000000070aa00000| Untracked 
|  84|0x000000070ac00000, 0x000000070ac00000, 0x000000070ae00000|  0%| F|  |TAMS 0x000000070ac00000, 0x000000070ac00000| Untracked 
|  85|0x000000070ae00000, 0x000000070ae00000, 0x000000070b000000|  0%| F|  |TAMS 0x000000070ae00000, 0x000000070ae00000| Untracked 
|  86|0x000000070b000000, 0x000000070b000000, 0x000000070b200000|  0%| F|  |TAMS 0x000000070b000000, 0x000000070b000000| Untracked 
|  87|0x000000070b200000, 0x000000070b200000, 0x000000070b400000|  0%| F|  |TAMS 0x000000070b200000, 0x000000070b200000| Untracked 
|  88|0x000000070b400000, 0x000000070b400000, 0x000000070b600000|  0%| F|  |TAMS 0x000000070b400000, 0x000000070b400000| Untracked 
|  89|0x000000070b600000, 0x000000070b600000, 0x000000070b800000|  0%| F|  |TAMS 0x000000070b600000, 0x000000070b600000| Untracked 
|  90|0x000000070b800000, 0x000000070b800000, 0x000000070ba00000|  0%| F|  |TAMS 0x000000070b800000, 0x000000070b800000| Untracked 
|  91|0x000000070ba00000, 0x000000070ba00000, 0x000000070bc00000|  0%| F|  |TAMS 0x000000070ba00000, 0x000000070ba00000| Untracked 
|  92|0x000000070bc00000, 0x000000070bc00000, 0x000000070be00000|  0%| F|  |TAMS 0x000000070bc00000, 0x000000070bc00000| Untracked 
|  93|0x000000070be00000, 0x000000070be00000, 0x000000070c000000|  0%| F|  |TAMS 0x000000070be00000, 0x000000070be00000| Untracked 
|  94|0x000000070c000000, 0x000000070c000000, 0x000000070c200000|  0%| F|  |TAMS 0x000000070c000000, 0x000000070c000000| Untracked 
|  95|0x000000070c200000, 0x000000070c200000, 0x000000070c400000|  0%| F|  |TAMS 0x000000070c200000, 0x000000070c200000| Untracked 
|  96|0x000000070c400000, 0x000000070c400000, 0x000000070c600000|  0%| F|  |TAMS 0x000000070c400000, 0x000000070c400000| Untracked 
|  97|0x000000070c600000, 0x000000070c600000, 0x000000070c800000|  0%| F|  |TAMS 0x000000070c600000, 0x000000070c600000| Untracked 
|  98|0x000000070c800000, 0x000000070c800000, 0x000000070ca00000|  0%| F|  |TAMS 0x000000070c800000, 0x000000070c800000| Untracked 
|  99|0x000000070ca00000, 0x000000070ca00000, 0x000000070cc00000|  0%| F|  |TAMS 0x000000070ca00000, 0x000000070ca00000| Untracked 
| 100|0x000000070cc00000, 0x000000070cc00000, 0x000000070ce00000|  0%| F|  |TAMS 0x000000070cc00000, 0x000000070cc00000| Untracked 
| 101|0x000000070ce00000, 0x000000070ce00000, 0x000000070d000000|  0%| F|  |TAMS 0x000000070ce00000, 0x000000070ce00000| Untracked 
| 102|0x000000070d000000, 0x000000070d000000, 0x000000070d200000|  0%| F|  |TAMS 0x000000070d000000, 0x000000070d000000| Untracked 
| 103|0x000000070d200000, 0x000000070d200000, 0x000000070d400000|  0%| F|  |TAMS 0x000000070d200000, 0x000000070d200000| Untracked 
| 104|0x000000070d400000, 0x000000070d400000, 0x000000070d600000|  0%| F|  |TAMS 0x000000070d400000, 0x000000070d400000| Untracked 
| 105|0x000000070d600000, 0x000000070d600000, 0x000000070d800000|  0%| F|  |TAMS 0x000000070d600000, 0x000000070d600000| Untracked 
| 106|0x000000070d800000, 0x000000070d800000, 0x000000070da00000|  0%| F|  |TAMS 0x000000070d800000, 0x000000070d800000| Untracked 
| 107|0x000000070da00000, 0x000000070da00000, 0x000000070dc00000|  0%| F|  |TAMS 0x000000070da00000, 0x000000070da00000| Untracked 
| 108|0x000000070dc00000, 0x000000070dc00000, 0x000000070de00000|  0%| F|  |TAMS 0x000000070dc00000, 0x000000070dc00000| Untracked 
| 109|0x000000070de00000, 0x000000070de00000, 0x000000070e000000|  0%| F|  |TAMS 0x000000070de00000, 0x000000070de00000| Untracked 
| 110|0x000000070e000000, 0x000000070e000000, 0x000000070e200000|  0%| F|  |TAMS 0x000000070e000000, 0x000000070e000000| Untracked 
| 111|0x000000070e200000, 0x000000070e200000, 0x000000070e400000|  0%| F|  |TAMS 0x000000070e200000, 0x000000070e200000| Untracked 
| 112|0x000000070e400000, 0x000000070e400000, 0x000000070e600000|  0%| F|  |TAMS 0x000000070e400000, 0x000000070e400000| Untracked 
| 113|0x000000070e600000, 0x000000070e600000, 0x000000070e800000|  0%| F|  |TAMS 0x000000070e600000, 0x000000070e600000| Untracked 
| 114|0x000000070e800000, 0x000000070e800000, 0x000000070ea00000|  0%| F|  |TAMS 0x000000070e800000, 0x000000070e800000| Untracked 
| 115|0x000000070ea00000, 0x000000070ea00000, 0x000000070ec00000|  0%| F|  |TAMS 0x000000070ea00000, 0x000000070ea00000| Untracked 
| 116|0x000000070ec00000, 0x000000070ec00000, 0x000000070ee00000|  0%| F|  |TAMS 0x000000070ec00000, 0x000000070ec00000| Untracked 
| 117|0x000000070ee00000, 0x000000070ee00000, 0x000000070f000000|  0%| F|  |TAMS 0x000000070ee00000, 0x000000070ee00000| Untracked 
| 118|0x000000070f000000, 0x000000070f000000, 0x000000070f200000|  0%| F|  |TAMS 0x000000070f000000, 0x000000070f000000| Untracked 
| 119|0x000000070f200000, 0x000000070f200000, 0x000000070f400000|  0%| F|  |TAMS 0x000000070f200000, 0x000000070f200000| Untracked 
| 120|0x000000070f400000, 0x000000070f400000, 0x000000070f600000|  0%| F|  |TAMS 0x000000070f400000, 0x000000070f400000| Untracked 
| 121|0x000000070f600000, 0x000000070f600000, 0x000000070f800000|  0%| F|  |TAMS 0x000000070f600000, 0x000000070f600000| Untracked 
| 122|0x000000070f800000, 0x000000070f800000, 0x000000070fa00000|  0%| F|  |TAMS 0x000000070f800000, 0x000000070f800000| Untracked 
| 123|0x000000070fa00000, 0x000000070fa00000, 0x000000070fc00000|  0%| F|  |TAMS 0x000000070fa00000, 0x000000070fa00000| Untracked 
| 124|0x000000070fc00000, 0x000000070fc00000, 0x000000070fe00000|  0%| F|  |TAMS 0x000000070fc00000, 0x000000070fc00000| Untracked 
| 125|0x000000070fe00000, 0x000000070ff20810, 0x0000000710000000| 56%| E|  |TAMS 0x000000070fe00000, 0x000000070fe00000| Complete 
| 126|0x0000000710000000, 0x0000000710200000, 0x0000000710200000|100%| E|CS|TAMS 0x0000000710000000, 0x0000000710000000| Complete 
| 127|0x0000000710200000, 0x0000000710400000, 0x0000000710400000|100%| E|CS|TAMS 0x0000000710200000, 0x0000000710200000| Complete 

Card table byte_map: [0x000001ec2e940000,0x000001ec2f140000] _byte_map_base: 0x000001ec2b13e000

Marking Bits (Prev, Next): (CMBitMap*) 0x000001ec1bc1c120, (CMBitMap*) 0x000001ec1bc1c160
 Prev Bits: [0x000001ec2f940000, 0x000001ec33930000)
 Next Bits: [0x000001ec33930000, 0x000001ec37920000)

Polling page: 0x000001ec1b3b0000

Metaspace:

Usage:
  Non-class:      8.23 MB used.
      Class:    784.94 KB used.
       Both:      9.00 MB used.

Virtual space:
  Non-class space:       16.00 MB reserved,       8.25 MB ( 52%) committed,  2 nodes.
      Class space:        1.00 GB reserved,     832.00 KB ( <1%) committed,  1 nodes.
              Both:        1.02 GB reserved,       9.06 MB ( <1%) committed. 

Chunk freelists:
   Non-Class:  3.75 MB
       Class:  3.23 MB
        Both:  6.98 MB

MaxMetaspaceSize: 17179869184.00 GB
CompressedClassSpaceSize: 1.00 GB
 - commit_granule_bytes: 65536.
 - commit_granule_words: 8192.
 - virtual_space_node_default_size: 1048576.
 - enlarge_chunks_in_place: 1.
 - new_chunks_are_fully_committed: 0.
 - uncommit_free_chunks: 1.
 - use_allocation_guard: 0.
 - handle_deallocations: 1.


Internal statistics:

num_allocs_failed_limit: 0.
num_arena_births: 10.
num_arena_deaths: 0.
num_vsnodes_births: 3.
num_vsnodes_deaths: 0.
num_space_committed: 145.
num_space_uncommitted: 0.
num_chunks_returned_to_freelist: 0.
num_chunks_taken_from_freelist: 50.
num_chunk_merges: 0.
num_chunk_splits: 20.
num_chunks_enlarged: 13.
num_purges: 0.

CodeHeap 'non-profiled nmethods': size=120000Kb used=119Kb max_used=119Kb free=119880Kb
 bounds [0x000001ec26c10000, 0x000001ec26e80000, 0x000001ec2e140000]
CodeHeap 'profiled nmethods': size=120000Kb used=546Kb max_used=546Kb free=119453Kb
 bounds [0x000001ec1f6e0000, 0x000001ec1f950000, 0x000001ec26c10000]
CodeHeap 'non-nmethods': size=5760Kb used=1198Kb max_used=1215Kb free=4561Kb
 bounds [0x000001ec1f140000, 0x000001ec1f3b0000, 0x000001ec1f6e0000]
 total_blobs=804 nmethods=401 adapters=316
 compilation: enabled
              stopped_count=0, restarted_count=0
 full_count=0

Compilation events (20 events):
Event: 929.297 Thread 0x000001ec3a8635c0  393       3       org.eclipse.jdt.launching.internal.org.objectweb.asm.ClassReader::getItem (7 bytes)
Event: 929.297 Thread 0x000001ec3a8635c0 nmethod 393 0x000001ec1f765890 code [0x000001ec1f765a20, 0x000001ec1f765b58]
Event: 929.297 Thread 0x000001ec3a8635c0  394       3       org.eclipse.jdt.launching.internal.org.objectweb.asm.ClassReader::readUTF8 (23 bytes)
Event: 929.297 Thread 0x000001ec3a8635c0 nmethod 394 0x000001ec1f765c10 code [0x000001ec1f765de0, 0x000001ec1f766038]
Event: 929.297 Thread 0x000001ec3a8635c0  395       3       java.lang.String::<init> (14 bytes)
Event: 929.297 Thread 0x000001ec3a8635c0 nmethod 395 0x000001ec1f766110 code [0x000001ec1f7662e0, 0x000001ec1f7664f8]
Event: 929.297 Thread 0x000001ec3a8635c0  396       3       org.eclipse.jdt.launching.internal.org.objectweb.asm.Symbol::<init> (38 bytes)
Event: 929.298 Thread 0x000001ec3a8635c0 nmethod 396 0x000001ec1f766610 code [0x000001ec1f7667c0, 0x000001ec1f766a78]
Event: 929.298 Thread 0x000001ec3a8635c0  397       3       org.eclipse.jdt.launching.internal.org.objectweb.asm.SymbolTable::add (39 bytes)
Event: 929.298 Thread 0x000001ec3a8635c0 nmethod 397 0x000001ec1f766b90 code [0x000001ec1f766d40, 0x000001ec1f7670b8]
Event: 929.298 Thread 0x000001ec3a8635c0  398       3       org.eclipse.jdt.launching.internal.org.objectweb.asm.SymbolTable::hash (10 bytes)
Event: 929.298 Thread 0x000001ec3a8635c0 nmethod 398 0x000001ec1f767210 code [0x000001ec1f7673c0, 0x000001ec1f767508]
Event: 1160.672 Thread 0x000001ec3a8635c0  399       3       org.eclipse.jdt.launching.internal.org.objectweb.asm.ClassReader::readUtf (161 bytes)
Event: 1160.673 Thread 0x000001ec3a8635c0 nmethod 399 0x000001ec1f767610 code [0x000001ec1f7677e0, 0x000001ec1f767ca8]
Event: 1160.673 Thread 0x000001ec3a8635c0  400       3       org.eclipse.jdt.launching.internal.org.objectweb.asm.SymbolTable$Entry::<init> (17 bytes)
Event: 1160.673 Thread 0x000001ec3a8635c0 nmethod 400 0x000001ec1f767f90 code [0x000001ec1f768140, 0x000001ec1f7682e8]
Event: 4573.016 Thread 0x000001ec3a8635c0  401       3       org.eclipse.jdt.launching.internal.org.objectweb.asm.SymbolTable::addConstantUtf8 (20 bytes)
Event: 4573.016 Thread 0x000001ec3a859560  402       4       org.eclipse.jdt.launching.internal.org.objectweb.asm.ClassReader::readUnsignedShort (26 bytes)
Event: 4573.017 Thread 0x000001ec3a8635c0 nmethod 401 0x000001ec1f768390 code [0x000001ec1f768560, 0x000001ec1f768828]
Event: 4573.019 Thread 0x000001ec3a859560 


GC Heap History (0 events):
No events

Deoptimization events (20 events):
Event: 0.485 Thread 0x000001ec1bbca950 DEOPT PACKING pc=0x000001ec1f750167 sp=0x000000d81ccf7ea0
Event: 0.485 Thread 0x000001ec1bbca950 DEOPT UNPACKING pc=0x000001ec1f18dece sp=0x000000d81ccf7308 mode 0
Event: 0.485 Thread 0x000001ec1bbca950 DEOPT PACKING pc=0x000001ec1f750167 sp=0x000000d81ccf7ea0
Event: 0.485 Thread 0x000001ec1bbca950 DEOPT UNPACKING pc=0x000001ec1f18dece sp=0x000000d81ccf7308 mode 0
Event: 0.485 Thread 0x000001ec1bbca950 DEOPT PACKING pc=0x000001ec1f750167 sp=0x000000d81ccf7ea0
Event: 0.485 Thread 0x000001ec1bbca950 DEOPT UNPACKING pc=0x000001ec1f18dece sp=0x000000d81ccf7308 mode 0
Event: 0.485 Thread 0x000001ec1bbca950 DEOPT PACKING pc=0x000001ec1f750167 sp=0x000000d81ccf7ea0
Event: 0.486 Thread 0x000001ec1bbca950 DEOPT UNPACKING pc=0x000001ec1f18dece sp=0x000000d81ccf7308 mode 0
Event: 0.486 Thread 0x000001ec1bbca950 DEOPT PACKING pc=0x000001ec1f750167 sp=0x000000d81ccf7ea0
Event: 0.486 Thread 0x000001ec1bbca950 DEOPT UNPACKING pc=0x000001ec1f18dece sp=0x000000d81ccf7308 mode 0
Event: 0.489 Thread 0x000001ec1bbca950 DEOPT PACKING pc=0x000001ec1f750167 sp=0x000000d81ccfb8d0
Event: 0.489 Thread 0x000001ec1bbca950 DEOPT UNPACKING pc=0x000001ec1f18dece sp=0x000000d81ccfad38 mode 0
Event: 0.489 Thread 0x000001ec1bbca950 DEOPT PACKING pc=0x000001ec1f750167 sp=0x000000d81ccfb8d0
Event: 0.489 Thread 0x000001ec1bbca950 DEOPT UNPACKING pc=0x000001ec1f18dece sp=0x000000d81ccfad38 mode 0
Event: 0.490 Thread 0x000001ec1bbca950 DEOPT PACKING pc=0x000001ec1f750167 sp=0x000000d81ccf7e20
Event: 0.490 Thread 0x000001ec1bbca950 DEOPT UNPACKING pc=0x000001ec1f18dece sp=0x000000d81ccf7288 mode 0
Event: 0.492 Thread 0x000001ec1bbca950 DEOPT PACKING pc=0x000001ec1f750167 sp=0x000000d81ccfb800
Event: 0.492 Thread 0x000001ec1bbca950 DEOPT UNPACKING pc=0x000001ec1f18dece sp=0x000000d81ccfac68 mode 0
Event: 0.493 Thread 0x000001ec1bbca950 DEOPT PACKING pc=0x000001ec1f750167 sp=0x000000d81ccfb8d0
Event: 0.494 Thread 0x000001ec1bbca950 DEOPT UNPACKING pc=0x000001ec1f18dece sp=0x000000d81ccfad38 mode 0

Classes unloaded (0 events):
No events

Classes redefined (6 events):
Event: 929.299 Thread 0x000001ec3a80e7d0 redefined class name=com.coderscampus.objects.Human, count=1
Event: 929.299 Thread 0x000001ec3a80e7d0 redefined class name=com.coderscampus.objects.RunnableClass, count=1
Event: 1160.674 Thread 0x000001ec3a80e7d0 redefined class name=com.coderscampus.objects.RunnableClass, count=2
Event: 1191.025 Thread 0x000001ec3a80e7d0 redefined class name=com.coderscampus.objects.RunnableClass, count=3
Event: 4573.017 Thread 0x000001ec3a80e7d0 redefined class name=com.coderscampus.objects.Human, count=2
Event: 4767.211 Thread 0x000001ec3a80e7d0 redefined class name=com.coderscampus.objects.RunnableClass, count=4

Internal exceptions (1 events):
Event: 0.462 Thread 0x000001ec1bbca950 Exception <a 'java/lang/NoSuchMethodError'{0x000000070fe04750}: 'java.lang.Object java.lang.invoke.DirectMethodHandle$Holder.invokeStatic(java.lang.Object)'> (0x000000070fe04750) 
thrown [t:\workspace\open\src\hotspot\share\interpreter\linkResolver.cpp, line 790]

Events (20 events):
Event: 0.503 Executing  VM operation: ChangeBreakpoints done
Event: 929.298 Executing  VM operation: RedefineClasses
Event: 929.301 Executing  VM operation: RedefineClasses done
Event: 929.304 Executing  VM operation: ChangeBreakpoints
Event: 929.304 Executing  VM operation: ChangeBreakpoints done
Event: 1160.673 Executing  VM operation: RedefineClasses
Event: 1160.675 Executing  VM operation: RedefineClasses done
Event: 1160.679 Executing  VM operation: ChangeBreakpoints
Event: 1160.679 Executing  VM operation: ChangeBreakpoints done
Event: 1191.025 Executing  VM operation: RedefineClasses
Event: 1191.026 Executing  VM operation: RedefineClasses done
Event: 1191.030 Executing  VM operation: ChangeBreakpoints
Event: 1191.030 Executing  VM operation: ChangeBreakpoints done
Event: 4573.017 Executing  VM operation: RedefineClasses
Event: 4573.019 Executing  VM operation: RedefineClasses done
Event: 4767.211 Executing  VM operation: RedefineClasses
Event: 4767.213 Executing  VM operation: RedefineClasses done
Event: 4767.217 Executing  VM operation: ChangeBreakpoints
Event: 4767.217 Executing  VM operation: ChangeBreakpoints done
Event: 4823.560 Executing  VM operation: get/set locals


Dynamic libraries:
0x00007ff799af0000 - 0x00007ff799afe000 	C:\Users\Isaac's Studio 1\.p2\pool\plugins\org.eclipse.justj.openjdk.hotspot.jre.full.win32.x86_64_16.0.1.v20210528-1205\jre\bin\javaw.exe
0x00007ffa30550000 - 0x00007ffa30745000 	C:\WINDOWS\SYSTEM32\ntdll.dll
0x00007ffa2ecc0000 - 0x00007ffa2ed7d000 	C:\WINDOWS\System32\KERNEL32.DLL
0x00007ffa2e1a0000 - 0x00007ffa2e469000 	C:\WINDOWS\System32\KERNELBASE.dll
0x00007ffa2df40000 - 0x00007ffa2e040000 	C:\WINDOWS\System32\ucrtbase.dll
0x00007ffa1b890000 - 0x00007ffa1b8a8000 	C:\Users\Isaac's Studio 1\.p2\pool\plugins\org.eclipse.justj.openjdk.hotspot.jre.full.win32.x86_64_16.0.1.v20210528-1205\jre\bin\jli.dll
0x00007ffa2ed80000 - 0x00007ffa2ef20000 	C:\WINDOWS\System32\USER32.dll
0x00007ffa2dc90000 - 0x00007ffa2dcb2000 	C:\WINDOWS\System32\win32u.dll
0x00007ffa2ec20000 - 0x00007ffa2ec4a000 	C:\WINDOWS\System32\GDI32.dll
0x00007ffa2dd10000 - 0x00007ffa2de1b000 	C:\WINDOWS\System32\gdi32full.dll
0x00007ffa2e520000 - 0x00007ffa2e5bd000 	C:\WINDOWS\System32\msvcp_win.dll
0x00007ffa1b6e0000 - 0x00007ffa1b6f9000 	C:\Users\Isaac's Studio 1\.p2\pool\plugins\org.eclipse.justj.openjdk.hotspot.jre.full.win32.x86_64_16.0.1.v20210528-1205\jre\bin\VCRUNTIME140.dll
0x00007ffa1bde0000 - 0x00007ffa1c07a000 	C:\WINDOWS\WinSxS\amd64_microsoft.windows.common-controls_6595b64144ccf1df_6.0.19041.1110_none_60b5254171f9507e\COMCTL32.dll
0x00007ffa2f810000 - 0x00007ffa2f8ae000 	C:\WINDOWS\System32\msvcrt.dll
0x00007ffa2f960000 - 0x00007ffa2f990000 	C:\WINDOWS\System32\IMM32.DLL
0x00007ffa280a0000 - 0x00007ffa280ac000 	C:\Users\Isaac's Studio 1\.p2\pool\plugins\org.eclipse.justj.openjdk.hotspot.jre.full.win32.x86_64_16.0.1.v20210528-1205\jre\bin\vcruntime140_1.dll
0x00007ffa14350000 - 0x00007ffa143e1000 	C:\Users\Isaac's Studio 1\.p2\pool\plugins\org.eclipse.justj.openjdk.hotspot.jre.full.win32.x86_64_16.0.1.v20210528-1205\jre\bin\msvcp140.dll
0x00007ff9c0e00000 - 0x00007ff9c19ab000 	C:\Users\Isaac's Studio 1\.p2\pool\plugins\org.eclipse.justj.openjdk.hotspot.jre.full.win32.x86_64_16.0.1.v20210528-1205\jre\bin\server\jvm.dll
0x00007ffa2fac0000 - 0x00007ffa2fb6c000 	C:\WINDOWS\System32\ADVAPI32.dll
0x00007ffa2e980000 - 0x00007ffa2ea1b000 	C:\WINDOWS\System32\sechost.dll
0x00007ffa2f990000 - 0x00007ffa2faba000 	C:\WINDOWS\System32\RPCRT4.dll
0x00007ffa2ebb0000 - 0x00007ffa2ebb8000 	C:\WINDOWS\System32\PSAPI.DLL
0x00007ffa234a0000 - 0x00007ffa234c7000 	C:\WINDOWS\SYSTEM32\WINMM.dll
0x00007ffa222e0000 - 0x00007ffa222e9000 	C:\WINDOWS\SYSTEM32\WSOCK32.dll
0x00007ffa293a0000 - 0x00007ffa293aa000 	C:\WINDOWS\SYSTEM32\VERSION.dll
0x00007ffa2ec50000 - 0x00007ffa2ecbb000 	C:\WINDOWS\System32\WS2_32.dll
0x00007ffa2bab0000 - 0x00007ffa2bac2000 	C:\WINDOWS\SYSTEM32\kernel.appcore.dll
0x00007ffa29a40000 - 0x00007ffa29a4a000 	C:\Users\Isaac's Studio 1\.p2\pool\plugins\org.eclipse.justj.openjdk.hotspot.jre.full.win32.x86_64_16.0.1.v20210528-1205\jre\bin\jimage.dll
0x00007ffa26c20000 - 0x00007ffa26e04000 	C:\WINDOWS\SYSTEM32\DBGHELP.DLL
0x00007ffa26bf0000 - 0x00007ffa26c1c000 	C:\WINDOWS\SYSTEM32\dbgcore.DLL
0x00007ffa2de20000 - 0x00007ffa2dea3000 	C:\WINDOWS\System32\bcryptPrimitives.dll
0x00007ffa1a170000 - 0x00007ffa1a1ab000 	C:\Users\Isaac's Studio 1\.p2\pool\plugins\org.eclipse.justj.openjdk.hotspot.jre.full.win32.x86_64_16.0.1.v20210528-1205\jre\bin\jdwp.dll
0x00007ffa27fa0000 - 0x00007ffa27fae000 	C:\Users\Isaac's Studio 1\.p2\pool\plugins\org.eclipse.justj.openjdk.hotspot.jre.full.win32.x86_64_16.0.1.v20210528-1205\jre\bin\instrument.dll
0x00007ffa1b840000 - 0x00007ffa1b865000 	C:\Users\Isaac's Studio 1\.p2\pool\plugins\org.eclipse.justj.openjdk.hotspot.jre.full.win32.x86_64_16.0.1.v20210528-1205\jre\bin\java.dll
0x00007ffa27ec0000 - 0x00007ffa27ed8000 	C:\Users\Isaac's Studio 1\.p2\pool\plugins\org.eclipse.justj.openjdk.hotspot.jre.full.win32.x86_64_16.0.1.v20210528-1205\jre\bin\zip.dll
0x00007ffa2fca0000 - 0x00007ffa303df000 	C:\WINDOWS\System32\SHELL32.dll
0x00007ffa2bde0000 - 0x00007ffa2c571000 	C:\WINDOWS\SYSTEM32\windows.storage.dll
0x00007ffa2e5c0000 - 0x00007ffa2e915000 	C:\WINDOWS\System32\combase.dll
0x00007ffa2d630000 - 0x00007ffa2d65c000 	C:\WINDOWS\SYSTEM32\Wldp.dll
0x00007ffa2f8b0000 - 0x00007ffa2f95e000 	C:\WINDOWS\System32\SHCORE.dll
0x00007ffa2ebc0000 - 0x00007ffa2ec15000 	C:\WINDOWS\System32\shlwapi.dll
0x00007ffa2dbd0000 - 0x00007ffa2dbef000 	C:\WINDOWS\SYSTEM32\profapi.dll
0x00007ffa25eb0000 - 0x00007ffa25ebc000 	C:\Users\Isaac's Studio 1\.p2\pool\plugins\org.eclipse.justj.openjdk.hotspot.jre.full.win32.x86_64_16.0.1.v20210528-1205\jre\bin\dt_socket.dll
0x00007ffa2d080000 - 0x00007ffa2d0bb000 	C:\WINDOWS\SYSTEM32\IPHLPAPI.DLL
0x00007ffa2d390000 - 0x00007ffa2d3fa000 	C:\WINDOWS\system32\mswsock.dll
0x00007ffa2d0c0000 - 0x00007ffa2d18c000 	C:\WINDOWS\SYSTEM32\DNSAPI.dll
0x00007ffa2f070000 - 0x00007ffa2f078000 	C:\WINDOWS\System32\NSI.dll
0x00007ffa254e0000 - 0x00007ffa254ea000 	C:\Windows\System32\rasadhlp.dll
0x00007ffa25520000 - 0x00007ffa2559f000 	C:\WINDOWS\System32\fwpuclnt.dll
0x00007ffa2deb0000 - 0x00007ffa2ded7000 	C:\WINDOWS\System32\bcrypt.dll
0x00007ffa27730000 - 0x00007ffa27749000 	C:\Users\Isaac's Studio 1\.p2\pool\plugins\org.eclipse.justj.openjdk.hotspot.jre.full.win32.x86_64_16.0.1.v20210528-1205\jre\bin\net.dll
0x00007ffa255a0000 - 0x00007ffa256aa000 	C:\WINDOWS\SYSTEM32\WINHTTP.dll
0x00007ffa20140000 - 0x00007ffa20153000 	C:\Users\Isaac's Studio 1\.p2\pool\plugins\org.eclipse.justj.openjdk.hotspot.jre.full.win32.x86_64_16.0.1.v20210528-1205\jre\bin\nio.dll
0x00007ffa295c0000 - 0x00007ffa295d0000 	C:\Users\Isaac's Studio 1\.p2\pool\plugins\org.eclipse.justj.openjdk.hotspot.jre.full.win32.x86_64_16.0.1.v20210528-1205\jre\bin\verify.dll

dbghelp: loaded successfully - version: 4.0.5 - missing functions: none
symbol engine: initialized successfully - sym options: 0x614 - pdb path: .;C:\Users\Isaac's Studio 1\.p2\pool\plugins\org.eclipse.justj.openjdk.hotspot.jre.full.win32.x86_64_16.0.1.v20210528-1205\jre\bin;C:\WINDOWS\SYSTEM32;C:\WINDOWS\WinSxS\amd64_microsoft.windows.common-controls_6595b64144ccf1df_6.0.19041.1110_none_60b5254171f9507e;C:\Users\Isaac's Studio 1\.p2\pool\plugins\org.eclipse.justj.openjdk.hotspot.jre.full.win32.x86_64_16.0.1.v20210528-1205\jre\bin\server

VM Arguments:
jvm_args: -XX:+ShowCodeDetailsInExceptionMessages -agentlib:jdwp=transport=dt_socket,suspend=y,address=localhost:50139 -javaagent:C:\Users\Isaac's Studio 1\eclipse\jee-2021-062\eclipse\configuration\org.eclipse.osgi\415\0\.cp\lib\javaagent-shaded.jar -Dfile.encoding=Cp1252 
java_command: com.coderscampus.objects.RunnableClass
java_class_path (initial): C:\Users\Isaac's Studio 1\Desktop\MyJavaProj\Week3\bin
Launcher Type: SUN_STANDARD

[Global flags]
     intx CICompilerCount                          = 3                                         {product} {ergonomic}
     uint ConcGCThreads                            = 1                                         {product} {ergonomic}
     uint G1ConcRefinementThreads                  = 4                                         {product} {ergonomic}
   size_t G1HeapRegionSize                         = 2097152                                   {product} {ergonomic}
    uintx GCDrainStackTargetSize                   = 64                                        {product} {ergonomic}
   size_t InitialHeapSize                          = 268435456                                 {product} {ergonomic}
   size_t MarkStackSize                            = 4194304                                   {product} {ergonomic}
   size_t MaxHeapSize                              = 4290772992                                {product} {ergonomic}
   size_t MaxNewSize                               = 2573205504                                {product} {ergonomic}
   size_t MinHeapDeltaBytes                        = 2097152                                   {product} {ergonomic}
   size_t MinHeapSize                              = 8388608                                   {product} {ergonomic}
    uintx NonNMethodCodeHeapSize                   = 5832780                                {pd product} {ergonomic}
    uintx NonProfiledCodeHeapSize                  = 122912730                              {pd product} {ergonomic}
    uintx ProfiledCodeHeapSize                     = 122912730                              {pd product} {ergonomic}
    uintx ReservedCodeCacheSize                    = 251658240                              {pd product} {ergonomic}
     bool SegmentedCodeCache                       = true                                      {product} {ergonomic}
     bool ShowCodeDetailsInExceptionMessages       = true                                   {manageable} {command line}
   size_t SoftMaxHeapSize                          = 4290772992                             {manageable} {ergonomic}
     bool UseCompressedClassPointers               = true                           {product lp64_product} {ergonomic}
     bool UseCompressedOops                        = true                           {product lp64_product} {ergonomic}
     bool UseG1GC                                  = true                                      {product} {ergonomic}
     bool UseLargePagesIndividualAllocation        = false                                  {pd product} {ergonomic}

Logging:
Log output configuration:
 #0: stdout all=warning uptime,level,tags
 #1: stderr all=off uptime,level,tags

Environment Variables:
JAVA_HOME=C:\Program Files\Amazon Corretto\jdk16.0.1_9
CLASSPATH=.;c:\Program Files (x86)\QuickTime\QTSystem\QTJava.zip
PATH=C:\Users\Isaac's Studio 1\.p2\pool\plugins\org.eclipse.justj.openjdk.hotspot.jre.full.win32.x86_64_16.0.1.v20210528-1205\jre\bin;C:/Users/Isaac's Studio 1/.p2/pool/plugins/org.eclipse.justj.openjdk.hotspot.jre.full.win32.x86_64_16.0.1.v20210528-1205/jre/bin/server;C:/Users/Isaac's Studio 1/.p2/pool/plugins/org.eclipse.justj.openjdk.hotspot.jre.full.win32.x86_64_16.0.1.v20210528-1205/jre/bin;C:\Program Files\Amazon Corretto\jdk16.0.1_9\bin;C:\Program Files (x86)\Common Files\Oracle\Java\javapath;C:\ProgramData\Oracle\Java\javapath;C:\Program Files (x86)\NVIDIA Corporation\PhysX\Common;C:\Program Files\Common Files\Microsoft Shared\Windows Live;C:\Program Files (x86)\Common Files\Microsoft Shared\Windows Live;C:\WINDOWS\system32;C:\WINDOWS;C:\WINDOWS\System32\Wbem;C:\WINDOWS\System32\WindowsPowerShell\v1.0\;C:\Program Files (x86)\Windows Live\Shared;C:\Program Files (x86)\Intel\Services\IPT\;C:\Program Files (x86)\Common Files\Roxio Shared\DLLShared\;C:\Program Files (x86)\Common Files\Roxio Shared\12.0\DLLShared\;C:\Program Files (x86)\Common Files\Ulead Systems\MPEG;c:\Program Files (x86)\QuickTime\QTSystem\;C:\WINDOWS\System32\OpenSSH\;C:\Program Files\Git\cmd;C:\Users\Isaac's Studio 1\AppData\Local\Microsoft\WindowsApps;;C:\Users\Isaac's Studio 1\eclipse\jee-2021-062\eclipse;
USERNAME=Isaac's Studio 1
OS=Windows_NT
PROCESSOR_IDENTIFIER=Intel64 Family 6 Model 42 Stepping 7, GenuineIntel



---------------  S Y S T E M  ---------------

OS:
 Windows 10 , 64 bit Build 19041 (10.0.19041.1023)
OS uptime: 3 days 4:36 hours

CPU: total 4 (initial active 4) (4 cores per cpu, 1 threads per core) family 6 model 42 stepping 7 microcode 0x2f, cx8, cmov, fxsr, mmx, sse, sse2, sse3, ssse3, sse4.1, sse4.2, popcnt, tsc, tscinvbit, avx, aes, clmul, vzeroupper, clflush

Memory: 4k page, system-wide physical 16366M (10082M free)
TotalPageFile size 17390M (AvailPageFile size 7707M)
current process WorkingSet (physical memory assigned to process): 43M, peak: 46M
current process commit charge ("private bytes"): 335M, peak: 336M

vm_info: OpenJDK 64-Bit Server VM (16.0.1+9-24) for windows-amd64 JRE (16.0.1+9-24), built on Mar 26 2021 19:30:07 by "mach5one" with MS VC++ 16.7 (VS2019)

END.
